Building DAG of jobs...
Using shell: /bin/bash
Provided cores: 1 (use --cores to define parallelism)
Rules claiming more threads will be scaled down.
Job stats:
job               count    min threads    max threads
--------------  -------  -------------  -------------
get_since_2002        1              1              1
total                 1              1              1

Select jobs to execute...

[Tue Jan  4 14:23:46 2022]
rule get_since_2002:
    input: data/raw/raw_data.csv
    output: data/derived/since_2002.csv
    jobid: 0
    resources: tmpdir=/var/folders/z2/5kr96fyn63z_tj_bwr33t5dw0000gn/T

[Tue Jan  4 14:23:49 2022]
Finished job 0.
1 of 1 steps (100%) done
Complete log: /Users/hongtaoh/Desktop/github/snakemake-tutorial/.snakemake/log/2022-01-04T142346.310626.snakemake.log
